<?xml version="1.0" encoding="UTF-8"?>
<testng-results skipped="0" failed="0" ignored="0" total="1" passed="1">
  <reporter-output>
  </reporter-output>
  <suite name="Default suite" duration-ms="41526" started-at="2019-09-20T10:59:17 MDT" finished-at="2019-09-20T10:59:59 MDT">
    <groups>
    </groups>
    <test name="Default test" duration-ms="41526" started-at="2019-09-20T10:59:17 MDT" finished-at="2019-09-20T10:59:59 MDT">
      <class name="FlightSearch.google">
        <test-method status="PASS" signature="Openbrowser()[pri:0, instance:FlightSearch.google@6325a3ee]" name="Openbrowser" is-config="true" duration-ms="7282" started-at="2019-09-20T10:59:17 MDT" finished-at="2019-09-20T10:59:25 MDT">
          <reporter-output>
          </reporter-output>
        </test-method> <!-- Openbrowser -->
        <test-method status="PASS" signature="test()[pri:0, instance:FlightSearch.google@6325a3ee]" name="test" duration-ms="29835" started-at="2019-09-20T10:59:25 MDT" finished-at="2019-09-20T10:59:55 MDT">
          <reporter-output>
          </reporter-output>
        </test-method> <!-- test -->
        <test-method status="PASS" signature="Closebrowser()[pri:0, instance:FlightSearch.google@6325a3ee]" name="Closebrowser" is-config="true" duration-ms="4364" started-at="2019-09-20T10:59:55 MDT" finished-at="2019-09-20T10:59:59 MDT">
          <reporter-output>
          </reporter-output>
        </test-method> <!-- Closebrowser -->
      </class> <!-- FlightSearch.google -->
    </test> <!-- Default test -->
  </suite> <!-- Default suite -->
</testng-results>
